{"C:\\Users\\Apprenant\\Desktop\\testUnitaireFonctionnel\\backend\\index.js": {"path":"C:\\Users\\Apprenant\\Desktop\\testUnitaireFonctionnel\\backend\\index.js","statementMap":{"0":{"start":{"line":7,"column":1},"end":{"line":7,"column":17}},"1":{"start":{"line":8,"column":12},"end":{"line":8,"column":21}},"2":{"start":{"line":9,"column":18},"end":{"line":9,"column":43}},"3":{"start":{"line":10,"column":20},"end":{"line":19,"column":1}},"4":{"start":{"line":12,"column":4},"end":{"line":16,"column":5}},"5":{"start":{"line":13,"column":6},"end":{"line":13,"column":26}},"6":{"start":{"line":15,"column":6},"end":{"line":15,"column":48}},"7":{"start":{"line":21,"column":0},"end":{"line":21,"column":26}},"8":{"start":{"line":22,"column":0},"end":{"line":22,"column":24}},"9":{"start":{"line":23,"column":0},"end":{"line":23,"column":24}},"10":{"start":{"line":24,"column":0},"end":{"line":24,"column":16}},"11":{"start":{"line":25,"column":0},"end":{"line":25,"column":123}},"12":{"start":{"line":25,"column":22},"end":{"line":25,"column":121}}},"fnMap":{"0":{"name":"(anonymous_0)","decl":{"start":{"line":11,"column":10},"end":{"line":11,"column":11}},"loc":{"start":{"line":11,"column":38},"end":{"line":17,"column":3}},"line":11},"1":{"name":"(anonymous_1)","decl":{"start":{"line":25,"column":17},"end":{"line":25,"column":18}},"loc":{"start":{"line":25,"column":22},"end":{"line":25,"column":121}},"line":25}},"branchMap":{"0":{"loc":{"start":{"line":12,"column":4},"end":{"line":16,"column":5}},"type":"if","locations":[{"start":{"line":12,"column":4},"end":{"line":16,"column":5}},{"start":{"line":14,"column":11},"end":{"line":16,"column":5}}],"line":12},"1":{"loc":{"start":{"line":12,"column":8},"end":{"line":12,"column":51}},"type":"binary-expr","locations":[{"start":{"line":12,"column":8},"end":{"line":12,"column":15}},{"start":{"line":12,"column":19},"end":{"line":12,"column":51}}],"line":12}},"s":{"0":1,"1":1,"2":1,"3":1,"4":7,"5":7,"6":0,"7":1,"8":1,"9":1,"10":1,"11":1,"12":1},"f":{"0":7,"1":1},"b":{"0":[7,0],"1":[7,0]},"_coverageSchema":"1a1c01bbd47fc00a2c39e90264f33305004495a9","hash":"6ba68b7d66b2399cff9bd43f89406106e77c15d0"}
,"C:\\Users\\Apprenant\\Desktop\\testUnitaireFonctionnel\\backend\\config\\Database.js": {"path":"C:\\Users\\Apprenant\\Desktop\\testUnitaireFonctionnel\\backend\\config\\Database.js","statementMap":{"0":{"start":{"line":3,"column":0},"end":{"line":3,"column":16}},"1":{"start":{"line":6,"column":0},"end":{"line":41,"column":4}},"2":{"start":{"line":7,"column":4},"end":{"line":12,"column":7}},"3":{"start":{"line":15,"column":17},"end":{"line":19,"column":5}}},"fnMap":{},"branchMap":{"0":{"loc":{"start":{"line":6,"column":0},"end":{"line":41,"column":4}},"type":"if","locations":[{"start":{"line":6,"column":0},"end":{"line":41,"column":4}},{"start":{"line":14,"column":14},"end":{"line":41,"column":4}}],"line":6}},"s":{"0":1,"1":1,"2":0,"3":1},"f":{},"b":{"0":[0,1]},"_coverageSchema":"1a1c01bbd47fc00a2c39e90264f33305004495a9","hash":"eab5b54da7f383b33a372849f9c247d1a5e9ab48"}
,"C:\\Users\\Apprenant\\Desktop\\testUnitaireFonctionnel\\backend\\controllers\\RefreshToken.js": {"path":"C:\\Users\\Apprenant\\Desktop\\testUnitaireFonctionnel\\backend\\controllers\\RefreshToken.js","statementMap":{"0":{"start":{"line":4,"column":28},"end":{"line":27,"column":1}},"1":{"start":{"line":5,"column":4},"end":{"line":26,"column":5}},"2":{"start":{"line":6,"column":29},"end":{"line":6,"column":53}},"3":{"start":{"line":7,"column":8},"end":{"line":7,"column":53}},"4":{"start":{"line":7,"column":26},"end":{"line":7,"column":53}},"5":{"start":{"line":8,"column":21},"end":{"line":12,"column":10}},"6":{"start":{"line":13,"column":8},"end":{"line":13,"column":48}},"7":{"start":{"line":13,"column":21},"end":{"line":13,"column":48}},"8":{"start":{"line":14,"column":8},"end":{"line":23,"column":11}},"9":{"start":{"line":15,"column":12},"end":{"line":15,"column":47}},"10":{"start":{"line":15,"column":20},"end":{"line":15,"column":47}},"11":{"start":{"line":16,"column":27},"end":{"line":16,"column":37}},"12":{"start":{"line":17,"column":25},"end":{"line":17,"column":37}},"13":{"start":{"line":18,"column":26},"end":{"line":18,"column":39}},"14":{"start":{"line":19,"column":32},"end":{"line":21,"column":14}},"15":{"start":{"line":22,"column":12},"end":{"line":22,"column":38}},"16":{"start":{"line":25,"column":8},"end":{"line":25,"column":27}}},"fnMap":{"0":{"name":"(anonymous_0)","decl":{"start":{"line":4,"column":28},"end":{"line":4,"column":29}},"loc":{"start":{"line":4,"column":47},"end":{"line":27,"column":1}},"line":4},"1":{"name":"(anonymous_1)","decl":{"start":{"line":14,"column":67},"end":{"line":14,"column":68}},"loc":{"start":{"line":14,"column":85},"end":{"line":23,"column":9}},"line":14}},"branchMap":{"0":{"loc":{"start":{"line":7,"column":8},"end":{"line":7,"column":53}},"type":"if","locations":[{"start":{"line":7,"column":8},"end":{"line":7,"column":53}},{"start":{},"end":{}}],"line":7},"1":{"loc":{"start":{"line":13,"column":8},"end":{"line":13,"column":48}},"type":"if","locations":[{"start":{"line":13,"column":8},"end":{"line":13,"column":48}},{"start":{},"end":{}}],"line":13},"2":{"loc":{"start":{"line":15,"column":12},"end":{"line":15,"column":47}},"type":"if","locations":[{"start":{"line":15,"column":12},"end":{"line":15,"column":47}},{"start":{},"end":{}}],"line":15}},"s":{"0":1,"1":1,"2":1,"3":1,"4":1,"5":0,"6":0,"7":0,"8":0,"9":0,"10":0,"11":0,"12":0,"13":0,"14":0,"15":0,"16":0},"f":{"0":1,"1":0},"b":{"0":[1,0],"1":[0,0],"2":[0,0]},"_coverageSchema":"1a1c01bbd47fc00a2c39e90264f33305004495a9","hash":"6803d3c47d43c188753aacf45dfd5bc7c4414404"}
,"C:\\Users\\Apprenant\\Desktop\\testUnitaireFonctionnel\\backend\\controllers\\Users.js": {"path":"C:\\Users\\Apprenant\\Desktop\\testUnitaireFonctionnel\\backend\\controllers\\Users.js","statementMap":{"0":{"start":{"line":5,"column":24},"end":{"line":14,"column":1}},"1":{"start":{"line":6,"column":4},"end":{"line":13,"column":5}},"2":{"start":{"line":7,"column":22},"end":{"line":9,"column":10}},"3":{"start":{"line":10,"column":8},"end":{"line":10,"column":24}},"4":{"start":{"line":12,"column":8},"end":{"line":12,"column":27}},"5":{"start":{"line":15,"column":24},"end":{"line":30,"column":1}},"6":{"start":{"line":16,"column":52},"end":{"line":16,"column":60}},"7":{"start":{"line":17,"column":4},"end":{"line":17,"column":115}},"8":{"start":{"line":17,"column":34},"end":{"line":17,"column":115}},"9":{"start":{"line":18,"column":17},"end":{"line":18,"column":39}},"10":{"start":{"line":19,"column":25},"end":{"line":19,"column":58}},"11":{"start":{"line":20,"column":4},"end":{"line":29,"column":5}},"12":{"start":{"line":21,"column":8},"end":{"line":25,"column":11}},"13":{"start":{"line":26,"column":8},"end":{"line":26,"column":54}},"14":{"start":{"line":28,"column":8},"end":{"line":28,"column":27}},"15":{"start":{"line":31,"column":21},"end":{"line":62,"column":1}},"16":{"start":{"line":32,"column":4},"end":{"line":61,"column":5}},"17":{"start":{"line":33,"column":21},"end":{"line":37,"column":10}},"18":{"start":{"line":38,"column":22},"end":{"line":38,"column":79}},"19":{"start":{"line":39,"column":8},"end":{"line":39,"column":76}},"20":{"start":{"line":39,"column":19},"end":{"line":39,"column":76}},"21":{"start":{"line":40,"column":23},"end":{"line":40,"column":33}},"22":{"start":{"line":41,"column":21},"end":{"line":41,"column":33}},"23":{"start":{"line":42,"column":22},"end":{"line":42,"column":35}},"24":{"start":{"line":43,"column":28},"end":{"line":45,"column":10}},"25":{"start":{"line":46,"column":29},"end":{"line":48,"column":10}},"26":{"start":{"line":49,"column":8},"end":{"line":53,"column":11}},"27":{"start":{"line":54,"column":8},"end":{"line":57,"column":11}},"28":{"start":{"line":58,"column":8},"end":{"line":58,"column":34}},"29":{"start":{"line":60,"column":8},"end":{"line":60,"column":56}},"30":{"start":{"line":63,"column":22},"end":{"line":82,"column":1}},"31":{"start":{"line":64,"column":25},"end":{"line":64,"column":49}},"32":{"start":{"line":65,"column":4},"end":{"line":65,"column":49}},"33":{"start":{"line":65,"column":22},"end":{"line":65,"column":49}},"34":{"start":{"line":67,"column":17},"end":{"line":71,"column":6}},"35":{"start":{"line":72,"column":4},"end":{"line":72,"column":44}},"36":{"start":{"line":72,"column":17},"end":{"line":72,"column":44}},"37":{"start":{"line":74,"column":19},"end":{"line":74,"column":29}},"38":{"start":{"line":75,"column":4},"end":{"line":79,"column":7}},"39":{"start":{"line":80,"column":4},"end":{"line":80,"column":36}},"40":{"start":{"line":81,"column":4},"end":{"line":81,"column":31}}},"fnMap":{"0":{"name":"(anonymous_0)","decl":{"start":{"line":5,"column":24},"end":{"line":5,"column":25}},"loc":{"start":{"line":5,"column":43},"end":{"line":14,"column":1}},"line":5},"1":{"name":"(anonymous_1)","decl":{"start":{"line":15,"column":24},"end":{"line":15,"column":25}},"loc":{"start":{"line":15,"column":43},"end":{"line":30,"column":1}},"line":15},"2":{"name":"(anonymous_2)","decl":{"start":{"line":31,"column":21},"end":{"line":31,"column":22}},"loc":{"start":{"line":31,"column":40},"end":{"line":62,"column":1}},"line":31},"3":{"name":"(anonymous_3)","decl":{"start":{"line":63,"column":22},"end":{"line":63,"column":23}},"loc":{"start":{"line":63,"column":41},"end":{"line":82,"column":1}},"line":63}},"branchMap":{"0":{"loc":{"start":{"line":17,"column":4},"end":{"line":17,"column":115}},"type":"if","locations":[{"start":{"line":17,"column":4},"end":{"line":17,"column":115}},{"start":{},"end":{}}],"line":17},"1":{"loc":{"start":{"line":39,"column":8},"end":{"line":39,"column":76}},"type":"if","locations":[{"start":{"line":39,"column":8},"end":{"line":39,"column":76}},{"start":{},"end":{}}],"line":39},"2":{"loc":{"start":{"line":65,"column":4},"end":{"line":65,"column":49}},"type":"if","locations":[{"start":{"line":65,"column":4},"end":{"line":65,"column":49}},{"start":{},"end":{}}],"line":65},"3":{"loc":{"start":{"line":72,"column":4},"end":{"line":72,"column":44}},"type":"if","locations":[{"start":{"line":72,"column":4},"end":{"line":72,"column":44}},{"start":{},"end":{}}],"line":72}},"s":{"0":1,"1":0,"2":0,"3":0,"4":0,"5":1,"6":2,"7":2,"8":1,"9":1,"10":1,"11":1,"12":1,"13":1,"14":0,"15":1,"16":3,"17":3,"18":3,"19":2,"20":1,"21":1,"22":1,"23":1,"24":1,"25":1,"26":1,"27":1,"28":1,"29":1,"30":1,"31":1,"32":1,"33":1,"34":0,"35":0,"36":0,"37":0,"38":0,"39":0,"40":0},"f":{"0":0,"1":2,"2":3,"3":1},"b":{"0":[1,1],"1":[1,1],"2":[1,0],"3":[0,0]},"_coverageSchema":"1a1c01bbd47fc00a2c39e90264f33305004495a9","hash":"89bc6a3791cc68e72082b6773ba700ff20bbd7ef"}
,"C:\\Users\\Apprenant\\Desktop\\testUnitaireFonctionnel\\backend\\middleware\\VerifyToken.js": {"path":"C:\\Users\\Apprenant\\Desktop\\testUnitaireFonctionnel\\backend\\middleware\\VerifyToken.js","statementMap":{"0":{"start":{"line":3,"column":27},"end":{"line":12,"column":1}},"1":{"start":{"line":4,"column":23},"end":{"line":4,"column":51}},"2":{"start":{"line":5,"column":18},"end":{"line":5,"column":56}},"3":{"start":{"line":6,"column":4},"end":{"line":6,"column":49}},"4":{"start":{"line":6,"column":22},"end":{"line":6,"column":49}},"5":{"start":{"line":7,"column":4},"end":{"line":11,"column":6}},"6":{"start":{"line":8,"column":8},"end":{"line":8,"column":43}},"7":{"start":{"line":8,"column":16},"end":{"line":8,"column":43}},"8":{"start":{"line":9,"column":8},"end":{"line":9,"column":34}},"9":{"start":{"line":10,"column":8},"end":{"line":10,"column":15}}},"fnMap":{"0":{"name":"(anonymous_0)","decl":{"start":{"line":3,"column":27},"end":{"line":3,"column":28}},"loc":{"start":{"line":3,"column":47},"end":{"line":12,"column":1}},"line":3},"1":{"name":"(anonymous_1)","decl":{"start":{"line":7,"column":55},"end":{"line":7,"column":56}},"loc":{"start":{"line":7,"column":73},"end":{"line":11,"column":5}},"line":7}},"branchMap":{"0":{"loc":{"start":{"line":5,"column":18},"end":{"line":5,"column":56}},"type":"binary-expr","locations":[{"start":{"line":5,"column":18},"end":{"line":5,"column":28}},{"start":{"line":5,"column":32},"end":{"line":5,"column":56}}],"line":5},"1":{"loc":{"start":{"line":6,"column":4},"end":{"line":6,"column":49}},"type":"if","locations":[{"start":{"line":6,"column":4},"end":{"line":6,"column":49}},{"start":{},"end":{}}],"line":6},"2":{"loc":{"start":{"line":8,"column":8},"end":{"line":8,"column":43}},"type":"if","locations":[{"start":{"line":8,"column":8},"end":{"line":8,"column":43}},{"start":{},"end":{}}],"line":8}},"s":{"0":1,"1":0,"2":0,"3":0,"4":0,"5":0,"6":0,"7":0,"8":0,"9":0},"f":{"0":0,"1":0},"b":{"0":[0,0],"1":[0,0],"2":[0,0]},"_coverageSchema":"1a1c01bbd47fc00a2c39e90264f33305004495a9","hash":"75fc2f57d139f174f52b418cc8e02feebf771e10"}
,"C:\\Users\\Apprenant\\Desktop\\testUnitaireFonctionnel\\backend\\models\\UserModel.js": {"path":"C:\\Users\\Apprenant\\Desktop\\testUnitaireFonctionnel\\backend\\models\\UserModel.js","statementMap":{"0":{"start":{"line":4,"column":22},"end":{"line":4,"column":31}},"1":{"start":{"line":6,"column":14},"end":{"line":21,"column":2}},"2":{"start":{"line":23,"column":0},"end":{"line":25,"column":5}},"3":{"start":{"line":24,"column":4},"end":{"line":24,"column":20}}},"fnMap":{"0":{"name":"(anonymous_0)","decl":{"start":{"line":23,"column":1},"end":{"line":23,"column":2}},"loc":{"start":{"line":23,"column":13},"end":{"line":25,"column":1}},"line":23}},"branchMap":{},"s":{"0":1,"1":1,"2":1,"3":1},"f":{"0":1},"b":{},"_coverageSchema":"1a1c01bbd47fc00a2c39e90264f33305004495a9","hash":"ee604119814f1dc2e483cfa4081d2a3ac345ec46"}
,"C:\\Users\\Apprenant\\Desktop\\testUnitaireFonctionnel\\backend\\routes\\route.js": {"path":"C:\\Users\\Apprenant\\Desktop\\testUnitaireFonctionnel\\backend\\routes\\route.js","statementMap":{"0":{"start":{"line":6,"column":15},"end":{"line":6,"column":31}},"1":{"start":{"line":8,"column":0},"end":{"line":8,"column":44}},"2":{"start":{"line":9,"column":0},"end":{"line":9,"column":32}},"3":{"start":{"line":10,"column":0},"end":{"line":10,"column":29}},"4":{"start":{"line":11,"column":0},"end":{"line":11,"column":35}},"5":{"start":{"line":12,"column":0},"end":{"line":12,"column":33}}},"fnMap":{},"branchMap":{},"s":{"0":1,"1":1,"2":1,"3":1,"4":1,"5":1},"f":{},"b":{},"_coverageSchema":"1a1c01bbd47fc00a2c39e90264f33305004495a9","hash":"e20dfe2e4fd8f9b1c73834ecf0fe4fd4bd5f7533"}
}
