TN:
SF:index.js
FN:11,(anonymous_0)
FN:25,(anonymous_1)
FNF:2
FNH:2
FNDA:7,(anonymous_0)
FNDA:1,(anonymous_1)
DA:7,1
DA:8,1
DA:9,1
DA:10,1
DA:12,7
DA:13,7
DA:15,0
DA:21,1
DA:22,1
DA:23,1
DA:24,1
DA:25,1
LF:12
LH:11
BRDA:12,0,0,7
BRDA:12,0,1,0
BRDA:12,1,0,7
BRDA:12,1,1,0
BRF:4
BRH:2
end_of_record
TN:
SF:config\Database.js
FNF:0
FNH:0
DA:3,1
DA:6,1
DA:7,0
DA:15,1
LF:4
LH:3
BRDA:6,0,0,0
BRDA:6,0,1,1
BRF:2
BRH:1
end_of_record
TN:
SF:controllers\RefreshToken.js
FN:4,(anonymous_0)
FN:14,(anonymous_1)
FNF:2
FNH:1
FNDA:1,(anonymous_0)
FNDA:0,(anonymous_1)
DA:4,1
DA:5,1
DA:6,1
DA:7,1
DA:8,0
DA:13,0
DA:14,0
DA:15,0
DA:16,0
DA:17,0
DA:18,0
DA:19,0
DA:22,0
DA:25,0
LF:14
LH:4
BRDA:7,0,0,1
BRDA:7,0,1,0
BRDA:13,1,0,0
BRDA:13,1,1,0
BRDA:15,2,0,0
BRDA:15,2,1,0
BRF:6
BRH:1
end_of_record
TN:
SF:controllers\Users.js
FN:5,(anonymous_0)
FN:15,(anonymous_1)
FN:31,(anonymous_2)
FN:63,(anonymous_3)
FNF:4
FNH:3
FNDA:0,(anonymous_0)
FNDA:2,(anonymous_1)
FNDA:3,(anonymous_2)
FNDA:1,(anonymous_3)
DA:5,1
DA:6,0
DA:7,0
DA:10,0
DA:12,0
DA:15,1
DA:16,2
DA:17,2
DA:18,1
DA:19,1
DA:20,1
DA:21,1
DA:26,1
DA:28,0
DA:31,1
DA:32,3
DA:33,3
DA:38,3
DA:39,2
DA:40,1
DA:41,1
DA:42,1
DA:43,1
DA:46,1
DA:49,1
DA:54,1
DA:58,1
DA:60,1
DA:63,1
DA:64,1
DA:65,1
DA:67,0
DA:72,0
DA:74,0
DA:75,0
DA:80,0
DA:81,0
LF:37
LH:26
BRDA:17,0,0,1
BRDA:17,0,1,1
BRDA:39,1,0,1
BRDA:39,1,1,1
BRDA:65,2,0,1
BRDA:65,2,1,0
BRDA:72,3,0,0
BRDA:72,3,1,0
BRF:8
BRH:5
end_of_record
TN:
SF:middleware\VerifyToken.js
FN:3,(anonymous_0)
FN:7,(anonymous_1)
FNF:2
FNH:0
FNDA:0,(anonymous_0)
FNDA:0,(anonymous_1)
DA:3,1
DA:4,0
DA:5,0
DA:6,0
DA:7,0
DA:8,0
DA:9,0
DA:10,0
LF:8
LH:1
BRDA:5,0,0,0
BRDA:5,0,1,0
BRDA:6,1,0,0
BRDA:6,1,1,0
BRDA:8,2,0,0
BRDA:8,2,1,0
BRF:6
BRH:0
end_of_record
TN:
SF:models\UserModel.js
FN:23,(anonymous_0)
FNF:1
FNH:1
FNDA:1,(anonymous_0)
DA:4,1
DA:6,1
DA:23,1
DA:24,1
LF:4
LH:4
BRF:0
BRH:0
end_of_record
TN:
SF:routes\route.js
FNF:0
FNH:0
DA:6,1
DA:8,1
DA:9,1
DA:10,1
DA:11,1
DA:12,1
LF:6
LH:6
BRF:0
BRH:0
end_of_record
